<?xml version="1.0" encoding="UTF-8"?>
<testsuite name="baseline.solution30Test" tests="1" skipped="0" failures="1" errors="0" timestamp="2021-10-04T02:33:51" hostname="DESKTOP-A2DVGFU" time="0.017">
  <properties/>
  <testcase name="buildTable()" classname="baseline.solution30Test" time="0.017">
    <failure message="java.lang.StackOverflowError" type="java.lang.StackOverflowError">java.lang.StackOverflowError
	at baseline.solution30Test.buildTable(solution30Test.java:11)
	at baseline.solution30Test.buildTable(solution30Test.java:11)
	at baseline.solution30Test.buildTable(solution30Test.java:11)
	at baseline.solution30Test.buildTable(solution30Test.java:11)
	at baseline.solution30Test.buildTable(solution30Test.java:11)
	at baseline.solution30Test.buildTable(solution30Test.java:11)
	at baseline.solution30Test.buildTable(solution30Test.java:11)
	at baseline.solution30Test.buildTable(solution30Test.java:11)
	at baseline.solution30Test.buildTable(solution30Test.java:11)
	at baseline.solution30Test.buildTable(solution30Test.java:11)
	at baseline.solution30Test.buildTable(solution30Test.java:11)
	at baseline.solution30Test.buildTable(solution30Test.java:11)
	at baseline.solution30Test.buildTable(solution30Test.java:11)
	at baseline.solution30Test.buildTable(solution30Test.java:11)
	at baseline.solution30Test.buildTable(solution30Test.java:11)
	at baseline.solution30Test.buildTable(solution30Test.java:11)
	at baseline.solution30Test.buildTable(solution30Test.java:11)
	at baseline.solution30Test.buildTable(solution30Test.java:11)
	at baseline.solution30Test.buildTable(solution30Test.java:11)
	at baseline.solution30Test.buildTable(solution30Test.java:11)
	at baseline.solution30Test.buildTable(solution30Test.java:11)
	at baseline.solution30Test.buildTable(solution30Test.java:11)
	at baseline.solution30Test.buildTable(solution30Test.java:11)
	at baseline.solution30Test.buildTable(solution30Test.java:11)
	at baseline.solution30Test.buildTable(solution30Test.java:11)
	at baseline.solution30Test.buildTable(solution30Test.java:11)
	at baseline.solution30Test.buildTable(solution30Test.java:11)
	at baseline.solution30Test.buildTable(solution30Test.java:11)
	at baseline.solution30Test.buildTable(solution30Test.java:11)
	at baseline.solution30Test.buildTable(solution30Test.java:11)
	at baseline.solution30Test.buildTable(solution30Test.java:11)
	at baseline.solution30Test.buildTable(solution30Test.java:11)
	at baseline.solution30Test.buildTable(solution30Test.java:11)
	at baseline.solution30Test.buildTable(solution30Test.java:11)
	at baseline.solution30Test.buildTable(solution30Test.java:11)
	at baseline.solution30Test.buildTable(solution30Test.java:11)
	at baseline.solution30Test.buildTable(solution30Test.java:11)
	at baseline.solution30Test.buildTable(solution30Test.java:11)
	at baseline.solution30Test.buildTable(solution30Test.java:11)
	at baseline.solution30Test.buildTable(solution30Test.java:11)
	at baseline.solution30Test.buildTable(solution30Test.java:11)
	at baseline.solution30Test.buildTable(solution30Test.java:11)
	at baseline.solution30Test.buildTable(solution30Test.java:11)
	at baseline.solution30Test.buildTable(solution30Test.java:11)
	at baseline.solution30Test.buildTable(solution30Test.java:11)
	at baseline.solution30Test.buildTable(solution30Test.java:11)
	at baseline.solution30Test.buildTable(solution30Test.java:11)
	at baseline.solution30Test.buildTable(solution30Test.java:11)
	at baseline.solution30Test.buildTable(solution30Test.java:11)
	at baseline.solution30Test.buildTable(solution30Test.java:11)
	at baseline.solution30Test.buildTable(solution30Test.java:11)
	at baseline.solution30Test.buildTable(solution30Test.java:11)
	at baseline.solution30Test.buildTable(solution30Test.java:11)
	at baseline.solution30Test.buildTable(solution30Test.java:11)
	at baseline.solution30Test.buildTable(solution30Test.java:11)
	at baseline.solution30Test.buildTable(solution30Test.java:11)
	at baseline.solution30Test.buildTable(solution30Test.java:11)
	at baseline.solution30Test.buildTable(solution30Test.java:11)
	at baseline.solution30Test.buildTable(solution30Test.java:11)
	at baseline.solution30Test.buildTable(solution30Test.java:11)
	at baseline.solution30Test.buildTable(solution30Test.java:11)
	at baseline.solution30Test.buildTable(solution30Test.java:11)
	at baseline.solution30Test.buildTable(solution30Test.java:11)
	at baseline.solution30Test.buildTable(solution30Test.java:11)
	at baseline.solution30Test.buildTable(solution30Test.java:11)
	at baseline.solution30Test.buildTable(solution30Test.java:11)
	at baseline.solution30Test.buildTable(solution30Test.java:11)
	at baseline.solution30Test.buildTable(solution30Test.java:11)
	at baseline.solution30Test.buildTable(solution30Test.java:11)
	at baseline.solution30Test.buildTable(solution30Test.java:11)
	at baseline.solution30Test.buildTable(solution30Test.java:11)
	at baseline.solution30Test.buildTable(solution30Test.java:11)
	at baseline.solution30Test.buildTable(solution30Test.java:11)
	at baseline.solution30Test.buildTable(solution30Test.java:11)
	at baseline.solution30Test.buildTable(solution30Test.java:11)
	at baseline.solution30Test.buildTable(solution30Test.java:11)
	at baseline.solution30Test.buildTable(solution30Test.java:11)
	at baseline.solution30Test.buildTable(solution30Test.java:11)
	at baseline.solution30Test.buildTable(solution30Test.java:11)
	at baseline.solution30Test.buildTable(solution30Test.java:11)
	at baseline.solution30Test.buildTable(solution30Test.java:11)
	at baseline.solution30Test.buildTable(solution30Test.java:11)
	at baseline.solution30Test.buildTable(solution30Test.java:11)
	at baseline.solution30Test.buildTable(solution30Test.java:11)
	at baseline.solution30Test.buildTable(solution30Test.java:11)
	at baseline.solution30Test.buildTable(solution30Test.java:11)
	at baseline.solution30Test.buildTable(solution30Test.java:11)
	at baseline.solution30Test.buildTable(solution30Test.java:11)
	at baseline.solution30Test.buildTable(solution30Test.java:11)
	at baseline.solution30Test.buildTable(solution30Test.java:11)
	at baseline.solution30Test.buildTable(solution30Test.java:11)
	at baseline.solution30Test.buildTable(solution30Test.java:11)
	at baseline.solution30Test.buildTable(solution30Test.java:11)
	at baseline.solution30Test.buildTable(solution30Test.java:11)
	at baseline.solution30Test.buildTable(solution30Test.java:11)
	at baseline.solution30Test.buildTable(solution30Test.java:11)
	at baseline.solution30Test.buildTable(solution30Test.java:11)
	at baseline.solution30Test.buildTable(solution30Test.java:11)
	at baseline.solution30Test.buildTable(solution30Test.java:11)
	at baseline.solution30Test.buildTable(solution30Test.java:11)
	at baseline.solution30Test.buildTable(solution30Test.java:11)
	at baseline.solution30Test.buildTable(solution30Test.java:11)
	at baseline.solution30Test.buildTable(solution30Test.java:11)
	at baseline.solution30Test.buildTable(solution30Test.java:11)
	at baseline.solution30Test.buildTable(solution30Test.java:11)
	at baseline.solution30Test.buildTable(solution30Test.java:11)
	at baseline.solution30Test.buildTable(solution30Test.java:11)
	at baseline.solution30Test.buildTable(solution30Test.java:11)
	at baseline.solution30Test.buildTable(solution30Test.java:11)
	at baseline.solution30Test.buildTable(solution30Test.java:11)
	at baseline.solution30Test.buildTable(solution30Test.java:11)
	at baseline.solution30Test.buildTable(solution30Test.java:11)
	at baseline.solution30Test.buildTable(solution30Test.java:11)
	at baseline.solution30Test.buildTable(solution30Test.java:11)
	at baseline.solution30Test.buildTable(solution30Test.java:11)
	at baseline.solution30Test.buildTable(solution30Test.java:11)
	at baseline.solution30Test.buildTable(solution30Test.java:11)
	at baseline.solution30Test.buildTable(solution30Test.java:11)
	at baseline.solution30Test.buildTable(solution30Test.java:11)
	at baseline.solution30Test.buildTable(solution30Test.java:11)
	at baseline.solution30Test.buildTable(solution30Test.java:11)
	at baseline.solution30Test.buildTable(solution30Test.java:11)
	at baseline.solution30Test.buildTable(solution30Test.java:11)
	at baseline.solution30Test.buildTable(solution30Test.java:11)
	at baseline.solution30Test.buildTable(solution30Test.java:11)
	at baseline.solution30Test.buildTable(solution30Test.java:11)
	at baseline.solution30Test.buildTable(solution30Test.java:11)
	at baseline.solution30Test.buildTable(solution30Test.java:11)
	at baseline.solution30Test.buildTable(solution30Test.java:11)
	at baseline.solution30Test.buildTable(solution30Test.java:11)
	at baseline.solution30Test.buildTable(solution30Test.java:11)
	at baseline.solution30Test.buildTable(solution30Test.java:11)
	at baseline.solution30Test.buildTable(solution30Test.java:11)
	at baseline.solution30Test.buildTable(solution30Test.java:11)
	at baseline.solution30Test.buildTable(solution30Test.java:11)
	at baseline.solution30Test.buildTable(solution30Test.java:11)
	at baseline.solution30Test.buildTable(solution30Test.java:11)
	at baseline.solution30Test.buildTable(solution30Test.java:11)
	at baseline.solution30Test.buildTable(solution30Test.java:11)
	at baseline.solution30Test.buildTable(solution30Test.java:11)
	at baseline.solution30Test.buildTable(solution30Test.java:11)
	at baseline.solution30Test.buildTable(solution30Test.java:11)
	at baseline.solution30Test.buildTable(solution30Test.java:11)
	at baseline.solution30Test.buildTable(solution30Test.java:11)
	at baseline.solution30Test.buildTable(solution30Test.java:11)
	at baseline.solution30Test.buildTable(solution30Test.java:11)
	at baseline.solution30Test.buildTable(solution30Test.java:11)
	at baseline.solution30Test.buildTable(solution30Test.java:11)
	at baseline.solution30Test.buildTable(solution30Test.java:11)
	at baseline.solution30Test.buildTable(solution30Test.java:11)
	at baseline.solution30Test.buildTable(solution30Test.java:11)
	at baseline.solution30Test.buildTable(solution30Test.java:11)
	at baseline.solution30Test.buildTable(solution30Test.java:11)
	at baseline.solution30Test.buildTable(solution30Test.java:11)
	at baseline.solution30Test.buildTable(solution30Test.java:11)
	at baseline.solution30Test.buildTable(solution30Test.java:11)
	at baseline.solution30Test.buildTable(solution30Test.java:11)
	at baseline.solution30Test.buildTable(solution30Test.java:11)
	at baseline.solution30Test.buildTable(solution30Test.java:11)
	at baseline.solution30Test.buildTable(solution30Test.java:11)
	at baseline.solution30Test.buildTable(solution30Test.java:11)
	at baseline.solution30Test.buildTable(solution30Test.java:11)
	at baseline.solution30Test.buildTable(solution30Test.java:11)
	at baseline.solution30Test.buildTable(solution30Test.java:11)
	at baseline.solution30Test.buildTable(solution30Test.java:11)
	at baseline.solution30Test.buildTable(solution30Test.java:11)
	at baseline.solution30Test.buildTable(solution30Test.java:11)
	at baseline.solution30Test.buildTable(solution30Test.java:11)
	at baseline.solution30Test.buildTable(solution30Test.java:11)
	at baseline.solution30Test.buildTable(solution30Test.java:11)
	at baseline.solution30Test.buildTable(solution30Test.java:11)
	at baseline.solution30Test.buildTable(solution30Test.java:11)
	at baseline.solution30Test.buildTable(solution30Test.java:11)
	at baseline.solution30Test.buildTable(solution30Test.java:11)
	at baseline.solution30Test.buildTable(solution30Test.java:11)
	at baseline.solution30Test.buildTable(solution30Test.java:11)
	at baseline.solution30Test.buildTable(solution30Test.java:11)
	at baseline.solution30Test.buildTable(solution30Test.java:11)
	at baseline.solution30Test.buildTable(solution30Test.java:11)
	at baseline.solution30Test.buildTable(solution30Test.java:11)
	at baseline.solution30Test.buildTable(solution30Test.java:11)
	at baseline.solution30Test.buildTable(solution30Test.java:11)
	at baseline.solution30Test.buildTable(solution30Test.java:11)
	at baseline.solution30Test.buildTable(solution30Test.java:11)
	at baseline.solution30Test.buildTable(solution30Test.java:11)
	at baseline.solution30Test.buildTable(solution30Test.java:11)
	at baseline.solution30Test.buildTable(solution30Test.java:11)
	at baseline.solution30Test.buildTable(solution30Test.java:11)
	at baseline.solution30Test.buildTable(solution30Test.java:11)
	at baseline.solution30Test.buildTable(solution30Test.java:11)
	at baseline.solution30Test.buildTable(solution30Test.java:11)
	at baseline.solution30Test.buildTable(solution30Test.java:11)
	at baseline.solution30Test.buildTable(solution30Test.java:11)
	at baseline.solution30Test.buildTable(solution30Test.java:11)
	at baseline.solution30Test.buildTable(solution30Test.java:11)
	at baseline.solution30Test.buildTable(solution30Test.java:11)
	at baseline.solution30Test.buildTable(solution30Test.java:11)
	at baseline.solution30Test.buildTable(solution30Test.java:11)
	at baseline.solution30Test.buildTable(solution30Test.java:11)
	at baseline.solution30Test.buildTable(solution30Test.java:11)
	at baseline.solution30Test.buildTable(solution30Test.java:11)
	at baseline.solution30Test.buildTable(solution30Test.java:11)
	at baseline.solution30Test.buildTable(solution30Test.java:11)
	at baseline.solution30Test.buildTable(solution30Test.java:11)
	at baseline.solution30Test.buildTable(solution30Test.java:11)
	at baseline.solution30Test.buildTable(solution30Test.java:11)
	at baseline.solution30Test.buildTable(solution30Test.java:11)
	at baseline.solution30Test.buildTable(solution30Test.java:11)
	at baseline.solution30Test.buildTable(solution30Test.java:11)
	at baseline.solution30Test.buildTable(solution30Test.java:11)
	at baseline.solution30Test.buildTable(solution30Test.java:11)
	at baseline.solution30Test.buildTable(solution30Test.java:11)
	at baseline.solution30Test.buildTable(solution30Test.java:11)
	at baseline.solution30Test.buildTable(solution30Test.java:11)
	at baseline.solution30Test.buildTable(solution30Test.java:11)
	at baseline.solution30Test.buildTable(solution30Test.java:11)
	at baseline.solution30Test.buildTable(solution30Test.java:11)
	at baseline.solution30Test.buildTable(solution30Test.java:11)
	at baseline.solution30Test.buildTable(solution30Test.java:11)
	at baseline.solution30Test.buildTable(solution30Test.java:11)
	at baseline.solution30Test.buildTable(solution30Test.java:11)
	at baseline.solution30Test.buildTable(solution30Test.java:11)
	at baseline.solution30Test.buildTable(solution30Test.java:11)
	at baseline.solution30Test.buildTable(solution30Test.java:11)
	at baseline.solution30Test.buildTable(solution30Test.java:11)
	at baseline.solution30Test.buildTable(solution30Test.java:11)
	at baseline.solution30Test.buildTable(solution30Test.java:11)
	at baseline.solution30Test.buildTable(solution30Test.java:11)
	at baseline.solution30Test.buildTable(solution30Test.java:11)
	at baseline.solution30Test.buildTable(solution30Test.java:11)
	at baseline.solution30Test.buildTable(solution30Test.java:11)
	at baseline.solution30Test.buildTable(solution30Test.java:11)
	at baseline.solution30Test.buildTable(solution30Test.java:11)
	at baseline.solution30Test.buildTable(solution30Test.java:11)
	at baseline.solution30Test.buildTable(solution30Test.java:11)
	at baseline.solution30Test.buildTable(solution30Test.java:11)
	at baseline.solution30Test.buildTable(solution30Test.java:11)
	at baseline.solution30Test.buildTable(solution30Test.java:11)
	at baseline.solution30Test.buildTable(solution30Test.java:11)
	at baseline.solution30Test.buildTable(solution30Test.java:11)
	at baseline.solution30Test.buildTable(solution30Test.java:11)
	at baseline.solution30Test.buildTable(solution30Test.java:11)
	at baseline.solution30Test.buildTable(solution30Test.java:11)
	at baseline.solution30Test.buildTable(solution30Test.java:11)
	at baseline.solution30Test.buildTable(solution30Test.java:11)
	at baseline.solution30Test.buildTable(solution30Test.java:11)
	at baseline.solution30Test.buildTable(solution30Test.java:11)
	at baseline.solution30Test.buildTable(solution30Test.java:11)
	at baseline.solution30Test.buildTable(solution30Test.java:11)
	at baseline.solution30Test.buildTable(solution30Test.java:11)
	at baseline.solution30Test.buildTable(solution30Test.java:11)
	at baseline.solution30Test.buildTable(solution30Test.java:11)
	at baseline.solution30Test.buildTable(solution30Test.java:11)
	at baseline.solution30Test.buildTable(solution30Test.java:11)
	at baseline.solution30Test.buildTable(solution30Test.java:11)
	at baseline.solution30Test.buildTable(solution30Test.java:11)
	at baseline.solution30Test.buildTable(solution30Test.java:11)
	at baseline.solution30Test.buildTable(solution30Test.java:11)
	at baseline.solution30Test.buildTable(solution30Test.java:11)
	at baseline.solution30Test.buildTable(solution30Test.java:11)
	at baseline.solution30Test.buildTable(solution30Test.java:11)
	at baseline.solution30Test.buildTable(solution30Test.java:11)
	at baseline.solution30Test.buildTable(solution30Test.java:11)
	at baseline.solution30Test.buildTable(solution30Test.java:11)
	at baseline.solution30Test.buildTable(solution30Test.java:11)
	at baseline.solution30Test.buildTable(solution30Test.java:11)
	at baseline.solution30Test.buildTable(solution30Test.java:11)
	at baseline.solution30Test.buildTable(solution30Test.java:11)
	at baseline.solution30Test.buildTable(solution30Test.java:11)
	at baseline.solution30Test.buildTable(solution30Test.java:11)
	at baseline.solution30Test.buildTable(solution30Test.java:11)
	at baseline.solution30Test.buildTable(solution30Test.java:11)
	at baseline.solution30Test.buildTable(solution30Test.java:11)
	at baseline.solution30Test.buildTable(solution30Test.java:11)
	at baseline.solution30Test.buildTable(solution30Test.java:11)
	at baseline.solution30Test.buildTable(solution30Test.java:11)
	at baseline.solution30Test.buildTable(solution30Test.java:11)
	at baseline.solution30Test.buildTable(solution30Test.java:11)
	at baseline.solution30Test.buildTable(solution30Test.java:11)
	at baseline.solution30Test.buildTable(solution30Test.java:11)
	at baseline.solution30Test.buildTable(solution30Test.java:11)
	at baseline.solution30Test.buildTable(solution30Test.java:11)
	at baseline.solution30Test.buildTable(solution30Test.java:11)
	at baseline.solution30Test.buildTable(solution30Test.java:11)
	at baseline.solution30Test.buildTable(solution30Test.java:11)
	at baseline.solution30Test.buildTable(solution30Test.java:11)
	at baseline.solution30Test.buildTable(solution30Test.java:11)
	at baseline.solution30Test.buildTable(solution30Test.java:11)
	at baseline.solution30Test.buildTable(solution30Test.java:11)
	at baseline.solution30Test.buildTable(solution30Test.java:11)
	at baseline.solution30Test.buildTable(solution30Test.java:11)
	at baseline.solution30Test.buildTable(solution30Test.java:11)
	at baseline.solution30Test.buildTable(solution30Test.java:11)
	at baseline.solution30Test.buildTable(solution30Test.java:11)
	at baseline.solution30Test.buildTable(solution30Test.java:11)
	at baseline.solution30Test.buildTable(solution30Test.java:11)
	at baseline.solution30Test.buildTable(solution30Test.java:11)
	at baseline.solution30Test.buildTable(solution30Test.java:11)
	at baseline.solution30Test.buildTable(solution30Test.java:11)
	at baseline.solution30Test.buildTable(solution30Test.java:11)
	at baseline.solution30Test.buildTable(solution30Test.java:11)
	at baseline.solution30Test.buildTable(solution30Test.java:11)
	at baseline.solution30Test.buildTable(solution30Test.java:11)
	at baseline.solution30Test.buildTable(solution30Test.java:11)
	at baseline.solution30Test.buildTable(solution30Test.java:11)
	at baseline.solution30Test.buildTable(solution30Test.java:11)
	at baseline.solution30Test.buildTable(solution30Test.java:11)
	at baseline.solution30Test.buildTable(solution30Test.java:11)
	at baseline.solution30Test.buildTable(solution30Test.java:11)
	at baseline.solution30Test.buildTable(solution30Test.java:11)
	at baseline.solution30Test.buildTable(solution30Test.java:11)
	at baseline.solution30Test.buildTable(solution30Test.java:11)
	at baseline.solution30Test.buildTable(solution30Test.java:11)
	at baseline.solution30Test.buildTable(solution30Test.java:11)
	at baseline.solution30Test.buildTable(solution30Test.java:11)
	at baseline.solution30Test.buildTable(solution30Test.java:11)
	at baseline.solution30Test.buildTable(solution30Test.java:11)
	at baseline.solution30Test.buildTable(solution30Test.java:11)
	at baseline.solution30Test.buildTable(solution30Test.java:11)
	at baseline.solution30Test.buildTable(solution30Test.java:11)
	at baseline.solution30Test.buildTable(solution30Test.java:11)
	at baseline.solution30Test.buildTable(solution30Test.java:11)
	at baseline.solution30Test.buildTable(solution30Test.java:11)
	at baseline.solution30Test.buildTable(solution30Test.java:11)
	at baseline.solution30Test.buildTable(solution30Test.java:11)
	at baseline.solution30Test.buildTable(solution30Test.java:11)
	at baseline.solution30Test.buildTable(solution30Test.java:11)
	at baseline.solution30Test.buildTable(solution30Test.java:11)
	at baseline.solution30Test.buildTable(solution30Test.java:11)
	at baseline.solution30Test.buildTable(solution30Test.java:11)
	at baseline.solution30Test.buildTable(solution30Test.java:11)
	at baseline.solution30Test.buildTable(solution30Test.java:11)
	at baseline.solution30Test.buildTable(solution30Test.java:11)
	at baseline.solution30Test.buildTable(solution30Test.java:11)
	at baseline.solution30Test.buildTable(solution30Test.java:11)
	at baseline.solution30Test.buildTable(solution30Test.java:11)
	at baseline.solution30Test.buildTable(solution30Test.java:11)
	at baseline.solution30Test.buildTable(solution30Test.java:11)
	at baseline.solution30Test.buildTable(solution30Test.java:11)
	at baseline.solution30Test.buildTable(solution30Test.java:11)
	at baseline.solution30Test.buildTable(solution30Test.java:11)
	at baseline.solution30Test.buildTable(solution30Test.java:11)
	at baseline.solution30Test.buildTable(solution30Test.java:11)
	at baseline.solution30Test.buildTable(solution30Test.java:11)
	at baseline.solution30Test.buildTable(solution30Test.java:11)
	at baseline.solution30Test.buildTable(solution30Test.java:11)
	at baseline.solution30Test.buildTable(solution30Test.java:11)
	at baseline.solution30Test.buildTable(solution30Test.java:11)
	at baseline.solution30Test.buildTable(solution30Test.java:11)
	at baseline.solution30Test.buildTable(solution30Test.java:11)
	at baseline.solution30Test.buildTable(solution30Test.java:11)
	at baseline.solution30Test.buildTable(solution30Test.java:11)
	at baseline.solution30Test.buildTable(solution30Test.java:11)
	at baseline.solution30Test.buildTable(solution30Test.java:11)
	at baseline.solution30Test.buildTable(solution30Test.java:11)
	at baseline.solution30Test.buildTable(solution30Test.java:11)
	at baseline.solution30Test.buildTable(solution30Test.java:11)
	at baseline.solution30Test.buildTable(solution30Test.java:11)
	at baseline.solution30Test.buildTable(solution30Test.java:11)
	at baseline.solution30Test.buildTable(solution30Test.java:11)
	at baseline.solution30Test.buildTable(solution30Test.java:11)
	at baseline.solution30Test.buildTable(solution30Test.java:11)
	at baseline.solution30Test.buildTable(solution30Test.java:11)
	at baseline.solution30Test.buildTable(solution30Test.java:11)
	at baseline.solution30Test.buildTable(solution30Test.java:11)
	at baseline.solution30Test.buildTable(solution30Test.java:11)
	at baseline.solution30Test.buildTable(solution30Test.java:11)
	at baseline.solution30Test.buildTable(solution30Test.java:11)
	at baseline.solution30Test.buildTable(solution30Test.java:11)
	at baseline.solution30Test.buildTable(solution30Test.java:11)
	at baseline.solution30Test.buildTable(solution30Test.java:11)
	at baseline.solution30Test.buildTable(solution30Test.java:11)
	at baseline.solution30Test.buildTable(solution30Test.java:11)
	at baseline.solution30Test.buildTable(solution30Test.java:11)
	at baseline.solution30Test.buildTable(solution30Test.java:11)
	at baseline.solution30Test.buildTable(solution30Test.java:11)
	at baseline.solution30Test.buildTable(solution30Test.java:11)
	at baseline.solution30Test.buildTable(solution30Test.java:11)
	at baseline.solution30Test.buildTable(solution30Test.java:11)
	at baseline.solution30Test.buildTable(solution30Test.java:11)
	at baseline.solution30Test.buildTable(solution30Test.java:11)
	at baseline.solution30Test.buildTable(solution30Test.java:11)
	at baseline.solution30Test.buildTable(solution30Test.java:11)
	at baseline.solution30Test.buildTable(solution30Test.java:11)
	at baseline.solution30Test.buildTable(solution30Test.java:11)
	at baseline.solution30Test.buildTable(solution30Test.java:11)
	at baseline.solution30Test.buildTable(solution30Test.java:11)
	at baseline.solution30Test.buildTable(solution30Test.java:11)
	at baseline.solution30Test.buildTable(solution30Test.java:11)
	at baseline.solution30Test.buildTable(solution30Test.java:11)
	at baseline.solution30Test.buildTable(solution30Test.java:11)
	at baseline.solution30Test.buildTable(solution30Test.java:11)
	at baseline.solution30Test.buildTable(solution30Test.java:11)
	at baseline.solution30Test.buildTable(solution30Test.java:11)
	at baseline.solution30Test.buildTable(solution30Test.java:11)
	at baseline.solution30Test.buildTable(solution30Test.java:11)
	at baseline.solution30Test.buildTable(solution30Test.java:11)
	at baseline.solution30Test.buildTable(solution30Test.java:11)
	at baseline.solution30Test.buildTable(solution30Test.java:11)
	at baseline.solution30Test.buildTable(solution30Test.java:11)
	at baseline.solution30Test.buildTable(solution30Test.java:11)
	at baseline.solution30Test.buildTable(solution30Test.java:11)
	at baseline.solution30Test.buildTable(solution30Test.java:11)
	at baseline.solution30Test.buildTable(solution30Test.java:11)
	at baseline.solution30Test.buildTable(solution30Test.java:11)
	at baseline.solution30Test.buildTable(solution30Test.java:11)
	at baseline.solution30Test.buildTable(solution30Test.java:11)
	at baseline.solution30Test.buildTable(solution30Test.java:11)
	at baseline.solution30Test.buildTable(solution30Test.java:11)
	at baseline.solution30Test.buildTable(solution30Test.java:11)
	at baseline.solution30Test.buildTable(solution30Test.java:11)
	at baseline.solution30Test.buildTable(solution30Test.java:11)
	at baseline.solution30Test.buildTable(solution30Test.java:11)
	at baseline.solution30Test.buildTable(solution30Test.java:11)
	at baseline.solution30Test.buildTable(solution30Test.java:11)
	at baseline.solution30Test.buildTable(solution30Test.java:11)
	at baseline.solution30Test.buildTable(solution30Test.java:11)
	at baseline.solution30Test.buildTable(solution30Test.java:11)
	at baseline.solution30Test.buildTable(solution30Test.java:11)
	at baseline.solution30Test.buildTable(solution30Test.java:11)
	at baseline.solution30Test.buildTable(solution30Test.java:11)
	at baseline.solution30Test.buildTable(solution30Test.java:11)
	at baseline.solution30Test.buildTable(solution30Test.java:11)
	at baseline.solution30Test.buildTable(solution30Test.java:11)
	at baseline.solution30Test.buildTable(solution30Test.java:11)
	at baseline.solution30Test.buildTable(solution30Test.java:11)
	at baseline.solution30Test.buildTable(solution30Test.java:11)
	at baseline.solution30Test.buildTable(solution30Test.java:11)
	at baseline.solution30Test.buildTable(solution30Test.java:11)
	at baseline.solution30Test.buildTable(solution30Test.java:11)
	at baseline.solution30Test.buildTable(solution30Test.java:11)
	at baseline.solution30Test.buildTable(solution30Test.java:11)
	at baseline.solution30Test.buildTable(solution30Test.java:11)
	at baseline.solution30Test.buildTable(solution30Test.java:11)
	at baseline.solution30Test.buildTable(solution30Test.java:11)
	at baseline.solution30Test.buildTable(solution30Test.java:11)
	at baseline.solution30Test.buildTable(solution30Test.java:11)
	at baseline.solution30Test.buildTable(solution30Test.java:11)
	at baseline.solution30Test.buildTable(solution30Test.java:11)
	at baseline.solution30Test.buildTable(solution30Test.java:11)
	at baseline.solution30Test.buildTable(solution30Test.java:11)
	at baseline.solution30Test.buildTable(solution30Test.java:11)
	at baseline.solution30Test.buildTable(solution30Test.java:11)
	at baseline.solution30Test.buildTable(solution30Test.java:11)
	at baseline.solution30Test.buildTable(solution30Test.java:11)
	at baseline.solution30Test.buildTable(solution30Test.java:11)
	at baseline.solution30Test.buildTable(solution30Test.java:11)
	at baseline.solution30Test.buildTable(solution30Test.java:11)
	at baseline.solution30Test.buildTable(solution30Test.java:11)
	at baseline.solution30Test.buildTable(solution30Test.java:11)
	at baseline.solution30Test.buildTable(solution30Test.java:11)
	at baseline.solution30Test.buildTable(solution30Test.java:11)
	at baseline.solution30Test.buildTable(solution30Test.java:11)
	at baseline.solution30Test.buildTable(solution30Test.java:11)
	at baseline.solution30Test.buildTable(solution30Test.java:11)
	at baseline.solution30Test.buildTable(solution30Test.java:11)
	at baseline.solution30Test.buildTable(solution30Test.java:11)
	at baseline.solution30Test.buildTable(solution30Test.java:11)
	at baseline.solution30Test.buildTable(solution30Test.java:11)
	at baseline.solution30Test.buildTable(solution30Test.java:11)
	at baseline.solution30Test.buildTable(solution30Test.java:11)
	at baseline.solution30Test.buildTable(solution30Test.java:11)
	at baseline.solution30Test.buildTable(solution30Test.java:11)
	at baseline.solution30Test.buildTable(solution30Test.java:11)
	at baseline.solution30Test.buildTable(solution30Test.java:11)
	at baseline.solution30Test.buildTable(solution30Test.java:11)
	at baseline.solution30Test.buildTable(solution30Test.java:11)
	at baseline.solution30Test.buildTable(solution30Test.java:11)
	at baseline.solution30Test.buildTable(solution30Test.java:11)
	at baseline.solution30Test.buildTable(solution30Test.java:11)
	at baseline.solution30Test.buildTable(solution30Test.java:11)
	at baseline.solution30Test.buildTable(solution30Test.java:11)
	at baseline.solution30Test.buildTable(solution30Test.java:11)
	at baseline.solution30Test.buildTable(solution30Test.java:11)
	at baseline.solution30Test.buildTable(solution30Test.java:11)
	at baseline.solution30Test.buildTable(solution30Test.java:11)
	at baseline.solution30Test.buildTable(solution30Test.java:11)
	at baseline.solution30Test.buildTable(solution30Test.java:11)
	at baseline.solution30Test.buildTable(solution30Test.java:11)
	at baseline.solution30Test.buildTable(solution30Test.java:11)
	at baseline.solution30Test.buildTable(solution30Test.java:11)
	at baseline.solution30Test.buildTable(solution30Test.java:11)
	at baseline.solution30Test.buildTable(solution30Test.java:11)
	at baseline.solution30Test.buildTable(solution30Test.java:11)
	at baseline.solution30Test.buildTable(solution30Test.java:11)
	at baseline.solution30Test.buildTable(solution30Test.java:11)
	at baseline.solution30Test.buildTable(solution30Test.java:11)
	at baseline.solution30Test.buildTable(solution30Test.java:11)
	at baseline.solution30Test.buildTable(solution30Test.java:11)
	at baseline.solution30Test.buildTable(solution30Test.java:11)
	at baseline.solution30Test.buildTable(solution30Test.java:11)
	at baseline.solution30Test.buildTable(solution30Test.java:11)
	at baseline.solution30Test.buildTable(solution30Test.java:11)
	at baseline.solution30Test.buildTable(solution30Test.java:11)
	at baseline.solution30Test.buildTable(solution30Test.java:11)
	at baseline.solution30Test.buildTable(solution30Test.java:11)
	at baseline.solution30Test.buildTable(solution30Test.java:11)
	at baseline.solution30Test.buildTable(solution30Test.java:11)
	at baseline.solution30Test.buildTable(solution30Test.java:11)
	at baseline.solution30Test.buildTable(solution30Test.java:11)
	at baseline.solution30Test.buildTable(solution30Test.java:11)
	at baseline.solution30Test.buildTable(solution30Test.java:11)
	at baseline.solution30Test.buildTable(solution30Test.java:11)
	at baseline.solution30Test.buildTable(solution30Test.java:11)
	at baseline.solution30Test.buildTable(solution30Test.java:11)
	at baseline.solution30Test.buildTable(solution30Test.java:11)
	at baseline.solution30Test.buildTable(solution30Test.java:11)
	at baseline.solution30Test.buildTable(solution30Test.java:11)
	at baseline.solution30Test.buildTable(solution30Test.java:11)
	at baseline.solution30Test.buildTable(solution30Test.java:11)
	at baseline.solution30Test.buildTable(solution30Test.java:11)
	at baseline.solution30Test.buildTable(solution30Test.java:11)
	at baseline.solution30Test.buildTable(solution30Test.java:11)
	at baseline.solution30Test.buildTable(solution30Test.java:11)
	at baseline.solution30Test.buildTable(solution30Test.java:11)
	at baseline.solution30Test.buildTable(solution30Test.java:11)
	at baseline.solution30Test.buildTable(solution30Test.java:11)
	at baseline.solution30Test.buildTable(solution30Test.java:11)
	at baseline.solution30Test.buildTable(solution30Test.java:11)
	at baseline.solution30Test.buildTable(solution30Test.java:11)
	at baseline.solution30Test.buildTable(solution30Test.java:11)
	at baseline.solution30Test.buildTable(solution30Test.java:11)
	at baseline.solution30Test.buildTable(solution30Test.java:11)
	at baseline.solution30Test.buildTable(solution30Test.java:11)
	at baseline.solution30Test.buildTable(solution30Test.java:11)
	at baseline.solution30Test.buildTable(solution30Test.java:11)
	at baseline.solution30Test.buildTable(solution30Test.java:11)
	at baseline.solution30Test.buildTable(solution30Test.java:11)
	at baseline.solution30Test.buildTable(solution30Test.java:11)
	at baseline.solution30Test.buildTable(solution30Test.java:11)
	at baseline.solution30Test.buildTable(solution30Test.java:11)
	at baseline.solution30Test.buildTable(solution30Test.java:11)
	at baseline.solution30Test.buildTable(solution30Test.java:11)
	at baseline.solution30Test.buildTable(solution30Test.java:11)
	at baseline.solution30Test.buildTable(solution30Test.java:11)
	at baseline.solution30Test.buildTable(solution30Test.java:11)
	at baseline.solution30Test.buildTable(solution30Test.java:11)
	at baseline.solution30Test.buildTable(solution30Test.java:11)
	at baseline.solution30Test.buildTable(solution30Test.java:11)
	at baseline.solution30Test.buildTable(solution30Test.java:11)
	at baseline.solution30Test.buildTable(solution30Test.java:11)
	at baseline.solution30Test.buildTable(solution30Test.java:11)
	at baseline.solution30Test.buildTable(solution30Test.java:11)
	at baseline.solution30Test.buildTable(solution30Test.java:11)
	at baseline.solution30Test.buildTable(solution30Test.java:11)
	at baseline.solution30Test.buildTable(solution30Test.java:11)
	at baseline.solution30Test.buildTable(solution30Test.java:11)
	at baseline.solution30Test.buildTable(solution30Test.java:11)
	at baseline.solution30Test.buildTable(solution30Test.java:11)
	at baseline.solution30Test.buildTable(solution30Test.java:11)
	at baseline.solution30Test.buildTable(solution30Test.java:11)
	at baseline.solution30Test.buildTable(solution30Test.java:11)
	at baseline.solution30Test.buildTable(solution30Test.java:11)
	at baseline.solution30Test.buildTable(solution30Test.java:11)
	at baseline.solution30Test.buildTable(solution30Test.java:11)
	at baseline.solution30Test.buildTable(solution30Test.java:11)
	at baseline.solution30Test.buildTable(solution30Test.java:11)
	at baseline.solution30Test.buildTable(solution30Test.java:11)
	at baseline.solution30Test.buildTable(solution30Test.java:11)
	at baseline.solution30Test.buildTable(solution30Test.java:11)
	at baseline.solution30Test.buildTable(solution30Test.java:11)
	at baseline.solution30Test.buildTable(solution30Test.java:11)
	at baseline.solution30Test.buildTable(solution30Test.java:11)
	at baseline.solution30Test.buildTable(solution30Test.java:11)
	at baseline.solution30Test.buildTable(solution30Test.java:11)
	at baseline.solution30Test.buildTable(solution30Test.java:11)
	at baseline.solution30Test.buildTable(solution30Test.java:11)
	at baseline.solution30Test.buildTable(solution30Test.java:11)
	at baseline.solution30Test.buildTable(solution30Test.java:11)
	at baseline.solution30Test.buildTable(solution30Test.java:11)
	at baseline.solution30Test.buildTable(solution30Test.java:11)
	at baseline.solution30Test.buildTable(solution30Test.java:11)
	at baseline.solution30Test.buildTable(solution30Test.java:11)
	at baseline.solution30Test.buildTable(solution30Test.java:11)
	at baseline.solution30Test.buildTable(solution30Test.java:11)
	at baseline.solution30Test.buildTable(solution30Test.java:11)
	at baseline.solution30Test.buildTable(solution30Test.java:11)
	at baseline.solution30Test.buildTable(solution30Test.java:11)
	at baseline.solution30Test.buildTable(solution30Test.java:11)
	at baseline.solution30Test.buildTable(solution30Test.java:11)
	at baseline.solution30Test.buildTable(solution30Test.java:11)
	at baseline.solution30Test.buildTable(solution30Test.java:11)
	at baseline.solution30Test.buildTable(solution30Test.java:11)
	at baseline.solution30Test.buildTable(solution30Test.java:11)
	at baseline.solution30Test.buildTable(solution30Test.java:11)
	at baseline.solution30Test.buildTable(solution30Test.java:11)
	at baseline.solution30Test.buildTable(solution30Test.java:11)
	at baseline.solution30Test.buildTable(solution30Test.java:11)
	at baseline.solution30Test.buildTable(solution30Test.java:11)
	at baseline.solution30Test.buildTable(solution30Test.java:11)
	at baseline.solution30Test.buildTable(solution30Test.java:11)
	at baseline.solution30Test.buildTable(solution30Test.java:11)
	at baseline.solution30Test.buildTable(solution30Test.java:11)
	at baseline.solution30Test.buildTable(solution30Test.java:11)
	at baseline.solution30Test.buildTable(solution30Test.java:11)
	at baseline.solution30Test.buildTable(solution30Test.java:11)
	at baseline.solution30Test.buildTable(solution30Test.java:11)
	at baseline.solution30Test.buildTable(solution30Test.java:11)
	at baseline.solution30Test.buildTable(solution30Test.java:11)
	at baseline.solution30Test.buildTable(solution30Test.java:11)
	at baseline.solution30Test.buildTable(solution30Test.java:11)
	at baseline.solution30Test.buildTable(solution30Test.java:11)
	at baseline.solution30Test.buildTable(solution30Test.java:11)
	at baseline.solution30Test.buildTable(solution30Test.java:11)
	at baseline.solution30Test.buildTable(solution30Test.java:11)
	at baseline.solution30Test.buildTable(solution30Test.java:11)
	at baseline.solution30Test.buildTable(solution30Test.java:11)
	at baseline.solution30Test.buildTable(solution30Test.java:11)
	at baseline.solution30Test.buildTable(solution30Test.java:11)
	at baseline.solution30Test.buildTable(solution30Test.java:11)
	at baseline.solution30Test.buildTable(solution30Test.java:11)
	at baseline.solution30Test.buildTable(solution30Test.java:11)
	at baseline.solution30Test.buildTable(solution30Test.java:11)
	at baseline.solution30Test.buildTable(solution30Test.java:11)
	at baseline.solution30Test.buildTable(solution30Test.java:11)
	at baseline.solution30Test.buildTable(solution30Test.java:11)
	at baseline.solution30Test.buildTable(solution30Test.java:11)
	at baseline.solution30Test.buildTable(solution30Test.java:11)
	at baseline.solution30Test.buildTable(solution30Test.java:11)
	at baseline.solution30Test.buildTable(solution30Test.java:11)
	at baseline.solution30Test.buildTable(solution30Test.java:11)
	at baseline.solution30Test.buildTable(solution30Test.java:11)
	at baseline.solution30Test.buildTable(solution30Test.java:11)
	at baseline.solution30Test.buildTable(solution30Test.java:11)
	at baseline.solution30Test.buildTable(solution30Test.java:11)
	at baseline.solution30Test.buildTable(solution30Test.java:11)
	at baseline.solution30Test.buildTable(solution30Test.java:11)
	at baseline.solution30Test.buildTable(solution30Test.java:11)
	at baseline.solution30Test.buildTable(solution30Test.java:11)
	at baseline.solution30Test.buildTable(solution30Test.java:11)
	at baseline.solution30Test.buildTable(solution30Test.java:11)
	at baseline.solution30Test.buildTable(solution30Test.java:11)
	at baseline.solution30Test.buildTable(solution30Test.java:11)
	at baseline.solution30Test.buildTable(solution30Test.java:11)
	at baseline.solution30Test.buildTable(solution30Test.java:11)
	at baseline.solution30Test.buildTable(solution30Test.java:11)
	at baseline.solution30Test.buildTable(solution30Test.java:11)
	at baseline.solution30Test.buildTable(solution30Test.java:11)
	at baseline.solution30Test.buildTable(solution30Test.java:11)
	at baseline.solution30Test.buildTable(solution30Test.java:11)
	at baseline.solution30Test.buildTable(solution30Test.java:11)
	at baseline.solution30Test.buildTable(solution30Test.java:11)
	at baseline.solution30Test.buildTable(solution30Test.java:11)
	at baseline.solution30Test.buildTable(solution30Test.java:11)
	at baseline.solution30Test.buildTable(solution30Test.java:11)
	at baseline.solution30Test.buildTable(solution30Test.java:11)
	at baseline.solution30Test.buildTable(solution30Test.java:11)
	at baseline.solution30Test.buildTable(solution30Test.java:11)
	at baseline.solution30Test.buildTable(solution30Test.java:11)
	at baseline.solution30Test.buildTable(solution30Test.java:11)
	at baseline.solution30Test.buildTable(solution30Test.java:11)
	at baseline.solution30Test.buildTable(solution30Test.java:11)
	at baseline.solution30Test.buildTable(solution30Test.java:11)
	at baseline.solution30Test.buildTable(solution30Test.java:11)
	at baseline.solution30Test.buildTable(solution30Test.java:11)
	at baseline.solution30Test.buildTable(solution30Test.java:11)
	at baseline.solution30Test.buildTable(solution30Test.java:11)
	at baseline.solution30Test.buildTable(solution30Test.java:11)
	at baseline.solution30Test.buildTable(solution30Test.java:11)
	at baseline.solution30Test.buildTable(solution30Test.java:11)
	at baseline.solution30Test.buildTable(solution30Test.java:11)
	at baseline.solution30Test.buildTable(solution30Test.java:11)
	at baseline.solution30Test.buildTable(solution30Test.java:11)
	at baseline.solution30Test.buildTable(solution30Test.java:11)
	at baseline.solution30Test.buildTable(solution30Test.java:11)
	at baseline.solution30Test.buildTable(solution30Test.java:11)
	at baseline.solution30Test.buildTable(solution30Test.java:11)
	at baseline.solution30Test.buildTable(solution30Test.java:11)
	at baseline.solution30Test.buildTable(solution30Test.java:11)
	at baseline.solution30Test.buildTable(solution30Test.java:11)
	at baseline.solution30Test.buildTable(solution30Test.java:11)
	at baseline.solution30Test.buildTable(solution30Test.java:11)
	at baseline.solution30Test.buildTable(solution30Test.java:11)
	at baseline.solution30Test.buildTable(solution30Test.java:11)
	at baseline.solution30Test.buildTable(solution30Test.java:11)
	at baseline.solution30Test.buildTable(solution30Test.java:11)
	at baseline.solution30Test.buildTable(solution30Test.java:11)
	at baseline.solution30Test.buildTable(solution30Test.java:11)
	at baseline.solution30Test.buildTable(solution30Test.java:11)
	at baseline.solution30Test.buildTable(solution30Test.java:11)
	at baseline.solution30Test.buildTable(solution30Test.java:11)
	at baseline.solution30Test.buildTable(solution30Test.java:11)
	at baseline.solution30Test.buildTable(solution30Test.java:11)
	at baseline.solution30Test.buildTable(solution30Test.java:11)
	at baseline.solution30Test.buildTable(solution30Test.java:11)
	at baseline.solution30Test.buildTable(solution30Test.java:11)
	at baseline.solution30Test.buildTable(solution30Test.java:11)
	at baseline.solution30Test.buildTable(solution30Test.java:11)
	at baseline.solution30Test.buildTable(solution30Test.java:11)
	at baseline.solution30Test.buildTable(solution30Test.java:11)
	at baseline.solution30Test.buildTable(solution30Test.java:11)
	at baseline.solution30Test.buildTable(solution30Test.java:11)
	at baseline.solution30Test.buildTable(solution30Test.java:11)
	at baseline.solution30Test.buildTable(solution30Test.java:11)
	at baseline.solution30Test.buildTable(solution30Test.java:11)
	at baseline.solution30Test.buildTable(solution30Test.java:11)
	at baseline.solution30Test.buildTable(solution30Test.java:11)
	at baseline.solution30Test.buildTable(solution30Test.java:11)
	at baseline.solution30Test.buildTable(solution30Test.java:11)
	at baseline.solution30Test.buildTable(solution30Test.java:11)
	at baseline.solution30Test.buildTable(solution30Test.java:11)
	at baseline.solution30Test.buildTable(solution30Test.java:11)
	at baseline.solution30Test.buildTable(solution30Test.java:11)
	at baseline.solution30Test.buildTable(solution30Test.java:11)
	at baseline.solution30Test.buildTable(solution30Test.java:11)
	at baseline.solution30Test.buildTable(solution30Test.java:11)
	at baseline.solution30Test.buildTable(solution30Test.java:11)
	at baseline.solution30Test.buildTable(solution30Test.java:11)
	at baseline.solution30Test.buildTable(solution30Test.java:11)
	at baseline.solution30Test.buildTable(solution30Test.java:11)
	at baseline.solution30Test.buildTable(solution30Test.java:11)
	at baseline.solution30Test.buildTable(solution30Test.java:11)
	at baseline.solution30Test.buildTable(solution30Test.java:11)
	at baseline.solution30Test.buildTable(solution30Test.java:11)
	at baseline.solution30Test.buildTable(solution30Test.java:11)
	at baseline.solution30Test.buildTable(solution30Test.java:11)
	at baseline.solution30Test.buildTable(solution30Test.java:11)
	at baseline.solution30Test.buildTable(solution30Test.java:11)
	at baseline.solution30Test.buildTable(solution30Test.java:11)
	at baseline.solution30Test.buildTable(solution30Test.java:11)
	at baseline.solution30Test.buildTable(solution30Test.java:11)
	at baseline.solution30Test.buildTable(solution30Test.java:11)
	at baseline.solution30Test.buildTable(solution30Test.java:11)
	at baseline.solution30Test.buildTable(solution30Test.java:11)
	at baseline.solution30Test.buildTable(solution30Test.java:11)
	at baseline.solution30Test.buildTable(solution30Test.java:11)
	at baseline.solution30Test.buildTable(solution30Test.java:11)
	at baseline.solution30Test.buildTable(solution30Test.java:11)
	at baseline.solution30Test.buildTable(solution30Test.java:11)
	at baseline.solution30Test.buildTable(solution30Test.java:11)
	at baseline.solution30Test.buildTable(solution30Test.java:11)
	at baseline.solution30Test.buildTable(solution30Test.java:11)
	at baseline.solution30Test.buildTable(solution30Test.java:11)
	at baseline.solution30Test.buildTable(solution30Test.java:11)
	at baseline.solution30Test.buildTable(solution30Test.java:11)
	at baseline.solution30Test.buildTable(solution30Test.java:11)
	at baseline.solution30Test.buildTable(solution30Test.java:11)
	at baseline.solution30Test.buildTable(solution30Test.java:11)
	at baseline.solution30Test.buildTable(solution30Test.java:11)
	at baseline.solution30Test.buildTable(solution30Test.java:11)
	at baseline.solution30Test.buildTable(solution30Test.java:11)
	at baseline.solution30Test.buildTable(solution30Test.java:11)
	at baseline.solution30Test.buildTable(solution30Test.java:11)
	at baseline.solution30Test.buildTable(solution30Test.java:11)
	at baseline.solution30Test.buildTable(solution30Test.java:11)
	at baseline.solution30Test.buildTable(solution30Test.java:11)
	at baseline.solution30Test.buildTable(solution30Test.java:11)
	at baseline.solution30Test.buildTable(solution30Test.java:11)
	at baseline.solution30Test.buildTable(solution30Test.java:11)
	at baseline.solution30Test.buildTable(solution30Test.java:11)
	at baseline.solution30Test.buildTable(solution30Test.java:11)
	at baseline.solution30Test.buildTable(solution30Test.java:11)
	at baseline.solution30Test.buildTable(solution30Test.java:11)
	at baseline.solution30Test.buildTable(solution30Test.java:11)
	at baseline.solution30Test.buildTable(solution30Test.java:11)
	at baseline.solution30Test.buildTable(solution30Test.java:11)
	at baseline.solution30Test.buildTable(solution30Test.java:11)
	at baseline.solution30Test.buildTable(solution30Test.java:11)
	at baseline.solution30Test.buildTable(solution30Test.java:11)
	at baseline.solution30Test.buildTable(solution30Test.java:11)
	at baseline.solution30Test.buildTable(solution30Test.java:11)
	at baseline.solution30Test.buildTable(solution30Test.java:11)
	at baseline.solution30Test.buildTable(solution30Test.java:11)
	at baseline.solution30Test.buildTable(solution30Test.java:11)
	at baseline.solution30Test.buildTable(solution30Test.java:11)
	at baseline.solution30Test.buildTable(solution30Test.java:11)
	at baseline.solution30Test.buildTable(solution30Test.java:11)
	at baseline.solution30Test.buildTable(solution30Test.java:11)
	at baseline.solution30Test.buildTable(solution30Test.java:11)
	at baseline.solution30Test.buildTable(solution30Test.java:11)
	at baseline.solution30Test.buildTable(solution30Test.java:11)
	at baseline.solution30Test.buildTable(solution30Test.java:11)
	at baseline.solution30Test.buildTable(solution30Test.java:11)
	at baseline.solution30Test.buildTable(solution30Test.java:11)
	at baseline.solution30Test.buildTable(solution30Test.java:11)
	at baseline.solution30Test.buildTable(solution30Test.java:11)
	at baseline.solution30Test.buildTable(solution30Test.java:11)
	at baseline.solution30Test.buildTable(solution30Test.java:11)
	at baseline.solution30Test.buildTable(solution30Test.java:11)
	at baseline.solution30Test.buildTable(solution30Test.java:11)
	at baseline.solution30Test.buildTable(solution30Test.java:11)
	at baseline.solution30Test.buildTable(solution30Test.java:11)
	at baseline.solution30Test.buildTable(solution30Test.java:11)
	at baseline.solution30Test.buildTable(solution30Test.java:11)
	at baseline.solution30Test.buildTable(solution30Test.java:11)
	at baseline.solution30Test.buildTable(solution30Test.java:11)
	at baseline.solution30Test.buildTable(solution30Test.java:11)
	at baseline.solution30Test.buildTable(solution30Test.java:11)
	at baseline.solution30Test.buildTable(solution30Test.java:11)
	at baseline.solution30Test.buildTable(solution30Test.java:11)
	at baseline.solution30Test.buildTable(solution30Test.java:11)
	at baseline.solution30Test.buildTable(solution30Test.java:11)
	at baseline.solution30Test.buildTable(solution30Test.java:11)
	at baseline.solution30Test.buildTable(solution30Test.java:11)
	at baseline.solution30Test.buildTable(solution30Test.java:11)
	at baseline.solution30Test.buildTable(solution30Test.java:11)
	at baseline.solution30Test.buildTable(solution30Test.java:11)
	at baseline.solution30Test.buildTable(solution30Test.java:11)
	at baseline.solution30Test.buildTable(solution30Test.java:11)
	at baseline.solution30Test.buildTable(solution30Test.java:11)
	at baseline.solution30Test.buildTable(solution30Test.java:11)
	at baseline.solution30Test.buildTable(solution30Test.java:11)
	at baseline.solution30Test.buildTable(solution30Test.java:11)
	at baseline.solution30Test.buildTable(solution30Test.java:11)
	at baseline.solution30Test.buildTable(solution30Test.java:11)
	at baseline.solution30Test.buildTable(solution30Test.java:11)
	at baseline.solution30Test.buildTable(solution30Test.java:11)
	at baseline.solution30Test.buildTable(solution30Test.java:11)
	at baseline.solution30Test.buildTable(solution30Test.java:11)
	at baseline.solution30Test.buildTable(solution30Test.java:11)
	at baseline.solution30Test.buildTable(solution30Test.java:11)
	at baseline.solution30Test.buildTable(solution30Test.java:11)
	at baseline.solution30Test.buildTable(solution30Test.java:11)
	at baseline.solution30Test.buildTable(solution30Test.java:11)
	at baseline.solution30Test.buildTable(solution30Test.java:11)
	at baseline.solution30Test.buildTable(solution30Test.java:11)
	at baseline.solution30Test.buildTable(solution30Test.java:11)
	at baseline.solution30Test.buildTable(solution30Test.java:11)
	at baseline.solution30Test.buildTable(solution30Test.java:11)
	at baseline.solution30Test.buildTable(solution30Test.java:11)
	at baseline.solution30Test.buildTable(solution30Test.java:11)
	at baseline.solution30Test.buildTable(solution30Test.java:11)
	at baseline.solution30Test.buildTable(solution30Test.java:11)
	at baseline.solution30Test.buildTable(solution30Test.java:11)
	at baseline.solution30Test.buildTable(solution30Test.java:11)
	at baseline.solution30Test.buildTable(solution30Test.java:11)
	at baseline.solution30Test.buildTable(solution30Test.java:11)
	at baseline.solution30Test.buildTable(solution30Test.java:11)
	at baseline.solution30Test.buildTable(solution30Test.java:11)
	at baseline.solution30Test.buildTable(solution30Test.java:11)
	at baseline.solution30Test.buildTable(solution30Test.java:11)
	at baseline.solution30Test.buildTable(solution30Test.java:11)
	at baseline.solution30Test.buildTable(solution30Test.java:11)
	at baseline.solution30Test.buildTable(solution30Test.java:11)
	at baseline.solution30Test.buildTable(solution30Test.java:11)
	at baseline.solution30Test.buildTable(solution30Test.java:11)
	at baseline.solution30Test.buildTable(solution30Test.java:11)
	at baseline.solution30Test.buildTable(solution30Test.java:11)
	at baseline.solution30Test.buildTable(solution30Test.java:11)
	at baseline.solution30Test.buildTable(solution30Test.java:11)
	at baseline.solution30Test.buildTable(solution30Test.java:11)
	at baseline.solution30Test.buildTable(solution30Test.java:11)
	at baseline.solution30Test.buildTable(solution30Test.java:11)
	at baseline.solution30Test.buildTable(solution30Test.java:11)
	at baseline.solution30Test.buildTable(solution30Test.java:11)
	at baseline.solution30Test.buildTable(solution30Test.java:11)
	at baseline.solution30Test.buildTable(solution30Test.java:11)
	at baseline.solution30Test.buildTable(solution30Test.java:11)
	at baseline.solution30Test.buildTable(solution30Test.java:11)
	at baseline.solution30Test.buildTable(solution30Test.java:11)
	at baseline.solution30Test.buildTable(solution30Test.java:11)
	at baseline.solution30Test.buildTable(solution30Test.java:11)
	at baseline.solution30Test.buildTable(solution30Test.java:11)
	at baseline.solution30Test.buildTable(solution30Test.java:11)
	at baseline.solution30Test.buildTable(solution30Test.java:11)
	at baseline.solution30Test.buildTable(solution30Test.java:11)
	at baseline.solution30Test.buildTable(solution30Test.java:11)
	at baseline.solution30Test.buildTable(solution30Test.java:11)
	at baseline.solution30Test.buildTable(solution30Test.java:11)
	at baseline.solution30Test.buildTable(solution30Test.java:11)
	at baseline.solution30Test.buildTable(solution30Test.java:11)
	at baseline.solution30Test.buildTable(solution30Test.java:11)
	at baseline.solution30Test.buildTable(solution30Test.java:11)
	at baseline.solution30Test.buildTable(solution30Test.java:11)
	at baseline.solution30Test.buildTable(solution30Test.java:11)
	at baseline.solution30Test.buildTable(solution30Test.java:11)
	at baseline.solution30Test.buildTable(solution30Test.java:11)
	at baseline.solution30Test.buildTable(solution30Test.java:11)
	at baseline.solution30Test.buildTable(solution30Test.java:11)
	at baseline.solution30Test.buildTable(solution30Test.java:11)
	at baseline.solution30Test.buildTable(solution30Test.java:11)
	at baseline.solution30Test.buildTable(solution30Test.java:11)
	at baseline.solution30Test.buildTable(solution30Test.java:11)
	at baseline.solution30Test.buildTable(solution30Test.java:11)
	at baseline.solution30Test.buildTable(solution30Test.java:11)
	at baseline.solution30Test.buildTable(solution30Test.java:11)
	at baseline.solution30Test.buildTable(solution30Test.java:11)
	at baseline.solution30Test.buildTable(solution30Test.java:11)
	at baseline.solution30Test.buildTable(solution30Test.java:11)
	at baseline.solution30Test.buildTable(solution30Test.java:11)
	at baseline.solution30Test.buildTable(solution30Test.java:11)
	at baseline.solution30Test.buildTable(solution30Test.java:11)
	at baseline.solution30Test.buildTable(solution30Test.java:11)
	at baseline.solution30Test.buildTable(solution30Test.java:11)
	at baseline.solution30Test.buildTable(solution30Test.java:11)
	at baseline.solution30Test.buildTable(solution30Test.java:11)
	at baseline.solution30Test.buildTable(solution30Test.java:11)
	at baseline.solution30Test.buildTable(solution30Test.java:11)
	at baseline.solution30Test.buildTable(solution30Test.java:11)
	at baseline.solution30Test.buildTable(solution30Test.java:11)
	at baseline.solution30Test.buildTable(solution30Test.java:11)
	at baseline.solution30Test.buildTable(solution30Test.java:11)
	at baseline.solution30Test.buildTable(solution30Test.java:11)
	at baseline.solution30Test.buildTable(solution30Test.java:11)
	at baseline.solution30Test.buildTable(solution30Test.java:11)
	at baseline.solution30Test.buildTable(solution30Test.java:11)
	at baseline.solution30Test.buildTable(solution30Test.java:11)
	at baseline.solution30Test.buildTable(solution30Test.java:11)
	at baseline.solution30Test.buildTable(solution30Test.java:11)
	at baseline.solution30Test.buildTable(solution30Test.java:11)
	at baseline.solution30Test.buildTable(solution30Test.java:11)
	at baseline.solution30Test.buildTable(solution30Test.java:11)
	at baseline.solution30Test.buildTable(solution30Test.java:11)
	at baseline.solution30Test.buildTable(solution30Test.java:11)
	at baseline.solution30Test.buildTable(solution30Test.java:11)
	at baseline.solution30Test.buildTable(solution30Test.java:11)
	at baseline.solution30Test.buildTable(solution30Test.java:11)
	at baseline.solution30Test.buildTable(solution30Test.java:11)
	at baseline.solution30Test.buildTable(solution30Test.java:11)
	at baseline.solution30Test.buildTable(solution30Test.java:11)
	at baseline.solution30Test.buildTable(solution30Test.java:11)
	at baseline.solution30Test.buildTable(solution30Test.java:11)
	at baseline.solution30Test.buildTable(solution30Test.java:11)
	at baseline.solution30Test.buildTable(solution30Test.java:11)
	at baseline.solution30Test.buildTable(solution30Test.java:11)
	at baseline.solution30Test.buildTable(solution30Test.java:11)
	at baseline.solution30Test.buildTable(solution30Test.java:11)
	at baseline.solution30Test.buildTable(solution30Test.java:11)
	at baseline.solution30Test.buildTable(solution30Test.java:11)
	at baseline.solution30Test.buildTable(solution30Test.java:11)
	at baseline.solution30Test.buildTable(solution30Test.java:11)
	at baseline.solution30Test.buildTable(solution30Test.java:11)
	at baseline.solution30Test.buildTable(solution30Test.java:11)
	at baseline.solution30Test.buildTable(solution30Test.java:11)
	at baseline.solution30Test.buildTable(solution30Test.java:11)
	at baseline.solution30Test.buildTable(solution30Test.java:11)
	at baseline.solution30Test.buildTable(solution30Test.java:11)
	at baseline.solution30Test.buildTable(solution30Test.java:11)
	at baseline.solution30Test.buildTable(solution30Test.java:11)
	at baseline.solution30Test.buildTable(solution30Test.java:11)
	at baseline.solution30Test.buildTable(solution30Test.java:11)
	at baseline.solution30Test.buildTable(solution30Test.java:11)
	at baseline.solution30Test.buildTable(solution30Test.java:11)
	at baseline.solution30Test.buildTable(solution30Test.java:11)
	at baseline.solution30Test.buildTable(solution30Test.java:11)
	at baseline.solution30Test.buildTable(solution30Test.java:11)
	at baseline.solution30Test.buildTable(solution30Test.java:11)
	at baseline.solution30Test.buildTable(solution30Test.java:11)
	at baseline.solution30Test.buildTable(solution30Test.java:11)
	at baseline.solution30Test.buildTable(solution30Test.java:11)
	at baseline.solution30Test.buildTable(solution30Test.java:11)
	at baseline.solution30Test.buildTable(solution30Test.java:11)
	at baseline.solution30Test.buildTable(solution30Test.java:11)
	at baseline.solution30Test.buildTable(solution30Test.java:11)
	at baseline.solution30Test.buildTable(solution30Test.java:11)
	at baseline.solution30Test.buildTable(solution30Test.java:11)
	at baseline.solution30Test.buildTable(solution30Test.java:11)
	at baseline.solution30Test.buildTable(solution30Test.java:11)
	at baseline.solution30Test.buildTable(solution30Test.java:11)
	at baseline.solution30Test.buildTable(solution30Test.java:11)
	at baseline.solution30Test.buildTable(solution30Test.java:11)
	at baseline.solution30Test.buildTable(solution30Test.java:11)
	at baseline.solution30Test.buildTable(solution30Test.java:11)
	at baseline.solution30Test.buildTable(solution30Test.java:11)
	at baseline.solution30Test.buildTable(solution30Test.java:11)
	at baseline.solution30Test.buildTable(solution30Test.java:11)
	at baseline.solution30Test.buildTable(solution30Test.java:11)
	at baseline.solution30Test.buildTable(solution30Test.java:11)
	at baseline.solution30Test.buildTable(solution30Test.java:11)
	at baseline.solution30Test.buildTable(solution30Test.java:11)
	at baseline.solution30Test.buildTable(solution30Test.java:11)
	at baseline.solution30Test.buildTable(solution30Test.java:11)
	at baseline.solution30Test.buildTable(solution30Test.java:11)
	at baseline.solution30Test.buildTable(solution30Test.java:11)
	at baseline.solution30Test.buildTable(solution30Test.java:11)
	at baseline.solution30Test.buildTable(solution30Test.java:11)
	at baseline.solution30Test.buildTable(solution30Test.java:11)
	at baseline.solution30Test.buildTable(solution30Test.java:11)
	at baseline.solution30Test.buildTable(solution30Test.java:11)
	at baseline.solution30Test.buildTable(solution30Test.java:11)
	at baseline.solution30Test.buildTable(solution30Test.java:11)
	at baseline.solution30Test.buildTable(solution30Test.java:11)
	at baseline.solution30Test.buildTable(solution30Test.java:11)
	at baseline.solution30Test.buildTable(solution30Test.java:11)
	at baseline.solution30Test.buildTable(solution30Test.java:11)
	at baseline.solution30Test.buildTable(solution30Test.java:11)
	at baseline.solution30Test.buildTable(solution30Test.java:11)
	at baseline.solution30Test.buildTable(solution30Test.java:11)
	at baseline.solution30Test.buildTable(solution30Test.java:11)
	at baseline.solution30Test.buildTable(solution30Test.java:11)
	at baseline.solution30Test.buildTable(solution30Test.java:11)
	at baseline.solution30Test.buildTable(solution30Test.java:11)
	at baseline.solution30Test.buildTable(solution30Test.java:11)
	at baseline.solution30Test.buildTable(solution30Test.java:11)
	at baseline.solution30Test.buildTable(solution30Test.java:11)
	at baseline.solution30Test.buildTable(solution30Test.java:11)
	at baseline.solution30Test.buildTable(solution30Test.java:11)
	at baseline.solution30Test.buildTable(solution30Test.java:11)
	at baseline.solution30Test.buildTable(solution30Test.java:11)
	at baseline.solution30Test.buildTable(solution30Test.java:11)
	at baseline.solution30Test.buildTable(solution30Test.java:11)
	at baseline.solution30Test.buildTable(solution30Test.java:11)
	at baseline.solution30Test.buildTable(solution30Test.java:11)
	at baseline.solution30Test.buildTable(solution30Test.java:11)
	at baseline.solution30Test.buildTable(solution30Test.java:11)
	at baseline.solution30Test.buildTable(solution30Test.java:11)
	at baseline.solution30Test.buildTable(solution30Test.java:11)
	at baseline.solution30Test.buildTable(solution30Test.java:11)
	at baseline.solution30Test.buildTable(solution30Test.java:11)
	at baseline.solution30Test.buildTable(solution30Test.java:11)
	at baseline.solution30Test.buildTable(solution30Test.java:11)
	at baseline.solution30Test.buildTable(solution30Test.java:11)
	at baseline.solution30Test.buildTable(solution30Test.java:11)
	at baseline.solution30Test.buildTable(solution30Test.java:11)
	at baseline.solution30Test.buildTable(solution30Test.java:11)
	at baseline.solution30Test.buildTable(solution30Test.java:11)
	at baseline.solution30Test.buildTable(solution30Test.java:11)
	at baseline.solution30Test.buildTable(solution30Test.java:11)
	at baseline.solution30Test.buildTable(solution30Test.java:11)
	at baseline.solution30Test.buildTable(solution30Test.java:11)
	at baseline.solution30Test.buildTable(solution30Test.java:11)
	at baseline.solution30Test.buildTable(solution30Test.java:11)
	at baseline.solution30Test.buildTable(solution30Test.java:11)
	at baseline.solution30Test.buildTable(solution30Test.java:11)
	at baseline.solution30Test.buildTable(solution30Test.java:11)
	at baseline.solution30Test.buildTable(solution30Test.java:11)
	at baseline.solution30Test.buildTable(solution30Test.java:11)
	at baseline.solution30Test.buildTable(solution30Test.java:11)
	at baseline.solution30Test.buildTable(solution30Test.java:11)
	at baseline.solution30Test.buildTable(solution30Test.java:11)
	at baseline.solution30Test.buildTable(solution30Test.java:11)
	at baseline.solution30Test.buildTable(solution30Test.java:11)
	at baseline.solution30Test.buildTable(solution30Test.java:11)
	at baseline.solution30Test.buildTable(solution30Test.java:11)
</failure>
  </testcase>
  <system-out><![CDATA[]]></system-out>
  <system-err><![CDATA[]]></system-err>
</testsuite>
